Command: /home/stone/System_Verilog_Study/5_Interface/9_Inject_error_pt2/./simv -l simv.log +ntb_random_seed=1
Chronologic VCS simulator copyright 1991-2018
Contains Synopsys proprietary information.
Compiler version O-2018.09-SP2_Full64; Runtime version O-2018.09-SP2_Full64;  Sep 14 00:40 2023
VCD+ Writer O-2018.09-SP2_Full64 Copyright (c) 1991-2018 by Synopsys Inc.
*Verdi* Loading libsscore_vcs201809.so
FSDB Dumper for VCS, Release Verdi_O-2018.09-SP2, Linux x86_64/64bit, 02/21/2019
(C) 1996 - 2019 by Synopsys, Inc.
*Verdi* : Create FSDB file 'novas.fsdb'
*Verdi* : Begin traversing the scopes, layer (0).
*Verdi* : End of traversing.
 Send data to driver
a: 4, b: 11, sum: 0
Interface Trigger
a: 12, b: 12, sum: 0
 Send data to driver
a: 11, b: 9, sum: 0
Interface Trigger
a: 12, b: 12, sum: 0
 Send data to driver
a: 12, b: 15, sum: 0
Interface Trigger
a: 12, b: 12, sum: 0
 Send data to driver
a: 9, b: 3, sum: 0
Interface Trigger
a: 12, b: 12, sum: 0
 Send data to driver
a: 5, b: 4, sum: 0
Interface Trigger
a: 12, b: 12, sum: 0
 Send data to driver
a: 7, b: 10, sum: 0
Interface Trigger
a: 12, b: 12, sum: 0
 Send data to driver
a: 8, b: 5, sum: 0
Interface Trigger
a: 12, b: 12, sum: 0
 Send data to driver
a: 6, b: 12, sum: 0
Interface Trigger
a: 12, b: 12, sum: 0
 Send data to driver
a: 10, b: 2, sum: 0
Interface Trigger
a: 12, b: 12, sum: 0
 Send data to driver
a: 13, b: 6, sum: 0
Interface Trigger
a: 12, b: 12, sum: 0
$finish called from file "error.sv", line 126.
$finish at simulation time                 2000
           V C S   S i m u l a t i o n   R e p o r t 
Time: 200000 ps
CPU Time:      0.150 seconds;       Data structure size:   0.0Mb
Thu Sep 14 00:40:03 2023
