# Preference setting overrides
gui_set_pref_value -category {Globals} -key {app_default_font} -value {Fixed [Misc],14,-1,5,75,0,0,0,0,0}
gui_set_pref_value -category {Globals} -key {app_fixed_width_font} -value {Fixed [Misc],10,-1,5,50,0,0,0,0,0}
gui_create_pref_key -category {Globals} -key {load_detail_for_funcov} -value_type {bool} -value {false}
gui_create_pref_category -category {dlg_settings}
gui_create_pref_key -category {dlg_settings} -key {tableWithImmediatePopup} -value_type {bool} -value {true}

# State setting overrides
gui_state_default_create -off -ini
gui_set_state_value -category Globals -key recent_databases -value {{gui_open_db -file vcdplus.vpd} {gui_open_db -file /home/stone/System_Verilog_Udemy/5_Interface/1_Interface_simple_rtl/vcdplus.vpd -design V1}}
gui_set_state_value -category Layout -key child_console_size_x -value 1843
gui_set_state_value -category Layout -key child_console_size_y -value 174
gui_set_state_value -category Layout -key child_data_size_x -value 159
gui_set_state_value -category Layout -key child_data_size_y -value 748
gui_set_state_value -category Layout -key child_hier_col3 -value {-1}
gui_set_state_value -category Layout -key child_hier_colpd -value 0
gui_set_state_value -category Layout -key child_hier_size_x -value 159
gui_set_state_value -category Layout -key child_hier_size_y -value 748
gui_set_state_value -category Layout -key child_list_down -value 177
gui_set_state_value -category Layout -key child_list_right -value 444
gui_set_state_value -category Layout -key child_source_docknewline -value false
gui_set_state_value -category Layout -key child_source_pos_x -value {-2}
gui_set_state_value -category Layout -key child_source_pos_y -value {-18}
gui_set_state_value -category Layout -key child_source_size_x -value 1528
gui_set_state_value -category Layout -key child_source_size_y -value 744
gui_set_state_value -category Layout -key child_wave_colname -value 329
gui_set_state_value -category Layout -key child_wave_colvalue -value 329
gui_set_state_value -category Layout -key child_wave_left -value 663
gui_set_state_value -category Layout -key child_wave_right -value 1617
gui_set_state_value -category Layout -key main_pos_x -value 342
gui_set_state_value -category Layout -key main_pos_y -value 225
gui_set_state_value -category Layout -key main_size_x -value 2185
gui_set_state_value -category Layout -key main_size_y -value 1236
gui_set_state_value -category Layout -key stand_list_child_docknewline -value false
gui_set_state_value -category Layout -key stand_list_child_pos_x -value {-2}
gui_set_state_value -category Layout -key stand_list_child_pos_y -value {-18}
gui_set_state_value -category Layout -key stand_list_child_size_x -value 604
gui_set_state_value -category Layout -key stand_list_child_size_y -value 325
gui_set_state_value -category Layout -key stand_list_top_pos_y -value 64
gui_set_state_value -category Layout -key stand_list_top_size_x -value 1099
gui_set_state_value -category Layout -key stand_list_top_size_y -value 563
gui_set_state_value -category Layout -key stand_wave_child_docknewline -value false
gui_set_state_value -category Layout -key stand_wave_child_pos_x -value {-2}
gui_set_state_value -category Layout -key stand_wave_child_pos_y -value {-18}
gui_set_state_value -category Layout -key stand_wave_child_size_x -value 2290
gui_set_state_value -category Layout -key stand_wave_child_size_y -value 1122
gui_set_state_value -category Layout -key stand_wave_top_pos_x -value 266
gui_set_state_value -category Layout -key stand_wave_top_pos_y -value 151
gui_set_state_value -category Layout -key stand_wave_top_size_x -value 2551
gui_set_state_value -category Layout -key stand_wave_top_size_y -value 1366
gui_create_state_key -category FindDialog -key m_pMatchCase -value_type bool -value false
gui_create_state_key -category FindDialog -key m_pMatchWord -value_type bool -value false
gui_create_state_key -category FindDialog -key m_pUseCombo -value_type string -value {}
gui_create_state_key -category FindDialog -key m_pWrapAround -value_type bool -value true
gui_state_default_create -off

# Begin command logging
gui_open_db -file vcdplus.vpd
gui_list_expand -id Hier.1   tb
gui_list_action -id  Hier.1 tb
gui_list_select -id Hier.1 -current_item_name tb.aif -current_item_type Scope  -selected  { tb.aif   }
gui_open_window Wave
gui_list_add -id Wave.1 -from Hier.1 { tb.aif } -insertionbar
gui_wv_zoom_timerange -id  Wave.1 0 532
gui_set_time_units 1ns
gui_marker_move -id  Wave.1 C1 26.5
gui_wv_scroll_hslidermove -id  Wave.1 237
gui_wv_scroll_hslidermove -id  Wave.1 474
gui_wv_scroll_hslidermove -id  Wave.1 711
gui_wv_scroll_hslidermove -id  Wave.1 948
gui_wv_scroll_hslidermove -id  Wave.1 1185
gui_wv_scroll_hslidermove -id  Wave.1 1403
gui_wv_scroll_hslidermove -id  Wave.1 1403
gui_wv_scroll_hslidermove -id  Wave.1 1403
gui_wv_scroll_hslidermove -id  Wave.1 1166
gui_wv_scroll_hslidermove -id  Wave.1 929
gui_wv_scroll_hslidermove -id  Wave.1 692
gui_zoom -window  Wave.1  -full
gui_wv_scroll_hslidermove -id  Wave.1 0
gui_close_window -window TopLevel.2
