version: (200506)

available memory: 64M bytes
used memory: 90112 bytes [need 88K bytes if disable swap]

used block: 4 [memory(4) file(0)]
                 [ 8K(3) 64K(1) { total 88K bytes } ]
overhead: (9522) bytes for (4) blocks [Average: (2380) bytes/block]

write  => 0(times) 0K(bytes) [0K bytes to file]
read   => 1(times) 11K(bytes) [2K bytes compressed data from file]
access => 37176(times) 295M(bytes)
          [hit ratio: 99.9973%]

time: write(0) read(0)  unit: second

swap file directory: (/home/stone/System_Verilog_Study/5_Interface/11_Tweaking_monitor_scoreboard/verdiLog)
used swap file number: (1)



swap file manager:
arrSize: (256)
idxCnt: (3)
closeHead: (1)
closeTail: (2)
openCnt: (2)
fid(2): fd(29) fileName(/home/stone/System_Verilog_Study/5_Interface/11_Tweaking_monitor_scoreboard/verdiLog/_swap_0001#-995790742#15950)
	size(0) lastModTime(0) curModTime(1694779192)
	mode(w+b)	hot(0) cool(1) pos(0)
fid(1): fd(1073741824) fileName(/home/stone/System_Verilog_Study/5_Interface/11_Tweaking_monitor_scoreboard/simv.daidir/kdb.elab++/work.lib++/Monitor_Scorboard.sv.tdc)
	size(4224) lastModTime(1694687099) curModTime(1694687099)
	mode(rb)	hot(2) cool(0) pos(0)
fid(0): fd(0) fileName(NULL)
	mode(NULL)	hot(0) cool(0) pos(0)
==================================================
mySelf(159665c0) pre(14ec8e10) next(0)
version(200506)
date(Feb 11 2019 22:10:27)
