version: (200506)

available memory: 64M bytes
used memory: 90112 bytes [need 88K bytes if disable swap]

used block: 4 [memory(4) file(0)]
                 [ 8K(3) 64K(1) { total 88K bytes } ]
overhead: (9522) bytes for (4) blocks [Average: (2380) bytes/block]

write  => 0(times) 0K(bytes) [0K bytes to file]
read   => 1(times) 11K(bytes) [2K bytes compressed data from file]
access => 39200(times) 312M(bytes)
          [hit ratio: 99.9974%]

time: write(0) read(0)  unit: second

swap file directory: (/home/stone/System_Verilog_Study/5_Interface/7_Add_generator_pt2/verdiLog)
used swap file number: (1)



swap file manager:
arrSize: (256)
idxCnt: (3)
closeHead: (1)
closeTail: (2)
openCnt: (2)
fid(2): fd(29) fileName(/home/stone/System_Verilog_Study/5_Interface/7_Add_generator_pt2/verdiLog/_swap_0001#-995790742#12047)
	size(0) lastModTime(0) curModTime(1694774615)
	mode(w+b)	hot(0) cool(1) pos(0)
fid(1): fd(1073741824) fileName(/home/stone/System_Verilog_Study/5_Interface/7_Add_generator_pt2/simv.daidir/kdb.elab++/work.lib++/add_generator.sv.tdc)
	size(4422) lastModTime(1694672534) curModTime(1694672534)
	mode(rb)	hot(2) cool(0) pos(0)
fid(0): fd(0) fileName(NULL)
	mode(NULL)	hot(0) cool(0) pos(0)
==================================================
mySelf(15adbb50) pre(150ef7d0) next(0)
version(200506)
date(Feb 11 2019 22:10:27)
