
Warning-[LINX_KRNL] Unsupported Linux kernel
  Linux kernel '5.15.0-83-generic' is not supported.
  Supported versions are 2.4* or 2.6*.

Command: vcs -l vcs.log -sverilog -kdb -debug_access+all interface.sv add.v +vcs+vcdpluson \

                         Chronologic VCS (TM)
       Version O-2018.09-SP2_Full64 -- Tue Sep 12 02:15:39 2023
               Copyright (c) 1991-2018 by Synopsys Inc.
                         ALL RIGHTS RESERVED

This program is proprietary and confidential information of Synopsys Inc.
and may be used and disclosed only as authorized in a license agreement
controlling such use and disclosure.

Parsing design file 'interface.sv'
Parsing design file 'add.v'
Top Level Modules:
       tb
TimeScale is 1 ns / 100 ps

Error-[MPCBD] Modport port cannot be driven
interface.sv, 18
$unit, "aif.a"
  Port 'a' of modport 'DRV' has been restricted as an input port. Input ports 
  cannot be driven.


Error-[MPCBD] Modport port cannot be driven
interface.sv, 19
$unit, "aif.b"
  Port 'b' of modport 'DRV' has been restricted as an input port. Input ports 
  cannot be driven.

2 errors
CPU time: .071 seconds to compile
