version: (200506)

available memory: 64M bytes
used memory: 98304 bytes [need 96K bytes if disable swap]

used block: 5 [memory(5) file(0)]
                 [ 8K(4) 64K(1) { total 96K bytes } ]
overhead: (9522) bytes for (5) blocks [Average: (1904) bytes/block]

write  => 0(times) 0K(bytes) [0K bytes to file]
read   => 1(times) 22K(bytes) [4K bytes compressed data from file]
access => 27284(times) 221M(bytes)
          [hit ratio: 99.9963%]

time: write(0) read(0)  unit: second

swap file directory: (/home/stone/System_Verilog_Study/6_Verification_Add/verdiLog)
used swap file number: (1)



swap file manager:
arrSize: (256)
idxCnt: (3)
closeHead: (1)
closeTail: (2)
openCnt: (2)
fid(2): fd(29) fileName(/home/stone/System_Verilog_Study/6_Verification_Add/verdiLog/_swap_0001#-995790742#39410)
	size(0) lastModTime(0) curModTime(1695018524)
	mode(w+b)	hot(0) cool(1) pos(0)
fid(1): fd(1073741824) fileName(/home/stone/System_Verilog_Study/6_Verification_Add/simv.daidir/kdb.elab++/work.lib++/Verification_add.sv.tdc)
	size(7738) lastModTime(1695018485) curModTime(1695018485)
	mode(rb)	hot(2) cool(0) pos(0)
fid(0): fd(0) fileName(NULL)
	mode(NULL)	hot(0) cool(0) pos(0)
==================================================
mySelf(14981870) pre(131d4630) next(0)
version(200506)
date(Feb 11 2019 22:10:27)
