Command: /home/stone/System_Verilog_Study/5_Interface/11_Tweaking_monitor_scoreboard/./simv -l simv.log +ntb_random_seed=1
Chronologic VCS simulator copyright 1991-2018
Contains Synopsys proprietary information.
Compiler version O-2018.09-SP2_Full64; Runtime version O-2018.09-SP2_Full64;  Sep 14 03:25 2023
VCD+ Writer O-2018.09-SP2_Full64 Copyright (c) 1991-2018 by Synopsys Inc.
*Verdi* Loading libsscore_vcs201809.so
FSDB Dumper for VCS, Release Verdi_O-2018.09-SP2, Linux x86_64/64bit, 02/21/2019
(C) 1996 - 2019 by Synopsys, Inc.
*Verdi* FSDB WARNING: The FSDB file already exists. Overwriting the FSDB file may crash the programs that are using this file.
*Verdi* : Create FSDB file 'novas.fsdb'
*Verdi* : Begin traversing the scopes, layer (0).
*Verdi* : End of traversing.
 Data sent to socreboard
a : 0, b: 0, sum: 0
Data Receive From Monitor
a : 0, b: 0, sum: 0
 Data sent to socreboard
a : 0, b: 0, sum: 0
Data Receive From Monitor
a : 0, b: 0, sum: 0
 Data sent to socreboard
a : 1, b: 13, sum: 0
Data Receive From Monitor
a : 1, b: 13, sum: 0
 Data sent to socreboard
a : 1, b: 13, sum: 14
Data Receive From Monitor
a : 1, b: 13, sum: 14
 Data sent to socreboard
a : 14, b: 11, sum: 14
Data Receive From Monitor
a : 14, b: 11, sum: 14
 Data sent to socreboard
a : 14, b: 11, sum: 25
Data Receive From Monitor
a : 14, b: 11, sum: 25
 Data sent to socreboard
a : 1, b: 3, sum: 25
Data Receive From Monitor
a : 1, b: 3, sum: 25
 Data sent to socreboard
a : 1, b: 3, sum: 4
Data Receive From Monitor
a : 1, b: 3, sum: 4
 Data sent to socreboard
a : 9, b: 8, sum: 4
Data Receive From Monitor
a : 9, b: 8, sum: 4
 Data sent to socreboard
a : 9, b: 8, sum: 17
Data Receive From Monitor
a : 9, b: 8, sum: 17
 Data sent to socreboard
a : 3, b: 4, sum: 17
Data Receive From Monitor
a : 3, b: 4, sum: 17
 Data sent to socreboard
a : 3, b: 4, sum: 7
Data Receive From Monitor
a : 3, b: 4, sum: 7
 Data sent to socreboard
a : 7, b: 5, sum: 7
Data Receive From Monitor
a : 7, b: 5, sum: 7
 Data sent to socreboard
a : 7, b: 5, sum: 12
Data Receive From Monitor
a : 7, b: 5, sum: 12
 Data sent to socreboard
a : 0, b: 15, sum: 12
Data Receive From Monitor
a : 0, b: 15, sum: 12
 Data sent to socreboard
a : 0, b: 15, sum: 15
Data Receive From Monitor
a : 0, b: 15, sum: 15
 Data sent to socreboard
a : 14, b: 7, sum: 15
Data Receive From Monitor
a : 14, b: 7, sum: 15
 Data sent to socreboard
a : 14, b: 7, sum: 21
Data Receive From Monitor
a : 14, b: 7, sum: 21
 Data sent to socreboard
a : 8, b: 1, sum: 21
Data Receive From Monitor
a : 8, b: 1, sum: 21
 Data sent to socreboard
a : 8, b: 1, sum: 9
Data Receive From Monitor
a : 8, b: 1, sum: 9
$finish called from file "Monitor_Scorboard.sv", line 97.
$finish at simulation time                  400
           V C S   S i m u l a t i o n   R e p o r t 
Time: 400
CPU Time:      0.150 seconds;       Data structure size:   0.0Mb
Thu Sep 14 03:25:00 2023
